Using pre-set license
Built from '2021.1/staging' branch; Version is '2021.1.5f1 (3737af19df53) revision 3618735'; Using compiler version '192528614'; Build Type 'Release'
OS: 'Windows 10 Education; OS build 19043.1586; Version 2009; 64bit' Language: 'es' Physical Memory: 32635 MB
BatchMode: 1, IsHumanControllingUs: 0, StartBugReporterOnCrash: 0, Is64bit: 1, IsPro: 0

 COMMAND LINE ARGUMENTS:
C:\Program Files\Unity 2021.1.5f1\Editor\Unity.exe
-adb2
-batchMode
-noUpm
-name
AssetImportWorker0
-projectPath
C:/Users/usuariocc/WebServiceCRUD
-logFile
Logs/AssetImportWorker0.log
-srvPort
50380
Successfully changed project path to: C:/Users/usuariocc/WebServiceCRUD
C:/Users/usuariocc/WebServiceCRUD
Using Asset Import Pipeline V2.
Refreshing native plugins compatible for Editor in 73.28 ms, found 1 plugins.
Preloading 0 native plugins for Editor in 0.00 ms.
Initialize engine version: 2021.1.5f1 (3737af19df53)
[Subsystems] Discovering subsystems at path C:/Program Files/Unity 2021.1.5f1/Editor/Data/Resources/UnitySubsystems
[Subsystems] Discovering subsystems at path C:/Users/usuariocc/WebServiceCRUD/Assets
GfxDevice: creating device client; threaded=0; jobified=0
Direct3D:
    Version:  Direct3D 11.0 [level 11.0]
    Renderer: NVIDIA GeForce GT 730 (ID=0x1287)
    Vendor:   NVIDIA
    VRAM:     2007 MB
    Driver:   26.21.14.3650
Initialize mono
Mono path[0] = 'C:/Program Files/Unity 2021.1.5f1/Editor/Data/Managed'
Mono path[1] = 'C:/Program Files/Unity 2021.1.5f1/Editor/Data/MonoBleedingEdge/lib/mono/unityjit'
Mono config path = 'C:/Program Files/Unity 2021.1.5f1/Editor/Data/MonoBleedingEdge/etc'
Using monoOptions --debugger-agent=transport=dt_socket,embedding=1,server=y,suspend=n,address=127.0.0.1:56416
Begin MonoManager ReloadAssembly
Registering precompiled unity dll's ...
Register platform support module: C:/Program Files/Unity 2021.1.5f1/Editor/Data/PlaybackEngines/WindowsStandaloneSupport/UnityEditor.WindowsStandalone.Extensions.dll
Registered in 0.001581 seconds.
Native extension for WindowsStandalone target not found
Refreshing native plugins compatible for Editor in 76.98 ms, found 1 plugins.
Preloading 0 native plugins for Editor in 0.00 ms.
Mono: successfully reloaded assembly
- Completed reload, in  1.093 seconds
Platform modules already initialized, skipping
Registering precompiled user dll's ...
Registered in 0.003009 seconds.
Begin MonoManager ReloadAssembly
Native extension for WindowsStandalone target not found
Refreshing native plugins compatible for Editor in 0.46 ms, found 1 plugins.
Preloading 0 native plugins for Editor in 0.00 ms.
Mono: successfully reloaded assembly
- Completed reload, in  0.932 seconds
Platform modules already initialized, skipping
========================================================================
Worker process is ready to serve import requests
Launched and connected shader compiler UnityShaderCompiler.exe after 0.04 seconds
Refreshing native plugins compatible for Editor in 0.55 ms, found 1 plugins.
Preloading 0 native plugins for Editor in 0.00 ms.
Unloading 2666 Unused Serialized files (Serialized files now loaded: 0)
System memory in use before: 98.0 MB.
System memory in use after: 98.2 MB.

Unloading 15 unused Assets to reduce memory usage. Loaded Objects now: 3118.
Total: 1.949100 ms (FindLiveObjects: 0.210000 ms CreateObjectMapping: 0.137600 ms MarkObjects: 1.535000 ms  DeleteObjects: 0.065700 ms)

========================================================================
Received Import Request.
  path: Assets/Scenes
  artifactKey: Guid(a4431946bc5afa1418487dd496214861) Importer(815301076,1909f56bfc062723c751e8b465ee728b)
Start importing Assets/Scenes using Guid(a4431946bc5afa1418487dd496214861) Importer(815301076,1909f56bfc062723c751e8b465ee728b)  -> (artifact id: '85d83693690e264ff2228e9b3336504a') in 0.008386 seconds 
========================================================================
Received Import Request.
  Time since last request: 17.711122 seconds.
  path: Assets/Scenes/Request.cs
  artifactKey: Guid(546f8f15799eb2a4b9f255bfe6745f4b) Importer(815301076,1909f56bfc062723c751e8b465ee728b)
Start importing Assets/Scenes/Request.cs using Guid(546f8f15799eb2a4b9f255bfe6745f4b) Importer(815301076,1909f56bfc062723c751e8b465ee728b)  -> (artifact id: 'c4c47cc33384512f46293f0e782168b8') in 0.061871 seconds 
========================================================================
Received Prepare
Registering precompiled user dll's ...
Registered in 0.002753 seconds.
Begin MonoManager ReloadAssembly
Native extension for WindowsStandalone target not found
Refreshing native plugins compatible for Editor in 0.45 ms, found 1 plugins.
Preloading 0 native plugins for Editor in 0.00 ms.
Mono: successfully reloaded assembly
- Completed reload, in  0.917 seconds
Platform modules already initialized, skipping
Refreshing native plugins compatible for Editor in 0.44 ms, found 1 plugins.
Preloading 0 native plugins for Editor in 0.00 ms.
Unloading 2662 Unused Serialized files (Serialized files now loaded: 0)
System memory in use before: 98.0 MB.
System memory in use after: 98.2 MB.

Unloading 10 unused Assets to reduce memory usage. Loaded Objects now: 3122.
Total: 1.761700 ms (FindLiveObjects: 0.189700 ms CreateObjectMapping: 0.112400 ms MarkObjects: 1.416600 ms  DeleteObjects: 0.042200 ms)

========================================================================
Received Import Request.
  Time since last request: 1061.281092 seconds.
  path: Assets/scrp.cs
  artifactKey: Guid(5b7bbe5f4c7850f4c8a6978823e42dc1) Importer(2089858483,934ff659095e30574adcf32a4c2f97b5)
Start importing Assets/scrp.cs using Guid(5b7bbe5f4c7850f4c8a6978823e42dc1) Importer(2089858483,934ff659095e30574adcf32a4c2f97b5)  -> (artifact id: 'b8d35212d2f6030e98d034942283592c') in 0.161080 seconds 
========================================================================
Received Import Request.
  Time since last request: 0.000255 seconds.
  path: Assets/Scenes/Request.cs
  artifactKey: Guid(546f8f15799eb2a4b9f255bfe6745f4b) Importer(2089858483,934ff659095e30574adcf32a4c2f97b5)
Start importing Assets/Scenes/Request.cs using Guid(546f8f15799eb2a4b9f255bfe6745f4b) Importer(2089858483,934ff659095e30574adcf32a4c2f97b5)  -> (artifact id: '849c4d9c4b81593d1a0d9d6846dca006') in 0.008701 seconds 
========================================================================
Received Import Request.
  Time since last request: 0.000284 seconds.
  path: Assets/Scenes/SampleScene.unity
  artifactKey: Guid(9fc0d4010bbf28b4594072e72b8655ab) Importer(2089858483,934ff659095e30574adcf32a4c2f97b5)
Start importing Assets/Scenes/SampleScene.unity using Guid(9fc0d4010bbf28b4594072e72b8655ab) Importer(2089858483,934ff659095e30574adcf32a4c2f97b5)  -> (artifact id: 'd9bdbdc17d8c292c33ad42c91341062b') in 0.010221 seconds 
========================================================================
Received Import Request.
  Time since last request: 125.052819 seconds.
  path: Assets/Scenes/Request.cs
  artifactKey: Guid(546f8f15799eb2a4b9f255bfe6745f4b) Importer(815301076,1909f56bfc062723c751e8b465ee728b)
Start importing Assets/Scenes/Request.cs using Guid(546f8f15799eb2a4b9f255bfe6745f4b) Importer(815301076,1909f56bfc062723c751e8b465ee728b)  -> (artifact id: 'a39154c86221f658e7ab38b2ce34fe75') in 0.002476 seconds 
========================================================================
Received Import Request.
  Time since last request: 1.011300 seconds.
  path: Assets/Scenes/Request.cs
  artifactKey: Guid(546f8f15799eb2a4b9f255bfe6745f4b) Importer(2089858483,934ff659095e30574adcf32a4c2f97b5)
Start importing Assets/Scenes/Request.cs using Guid(546f8f15799eb2a4b9f255bfe6745f4b) Importer(2089858483,934ff659095e30574adcf32a4c2f97b5)  -> (artifact id: '7615fa1b23c8e9014027bfeef7e125a0') in 0.032694 seconds 
========================================================================
Received Import Request.
  Time since last request: 608.095429 seconds.
  path: Assets/Scenes/Request.cs
  artifactKey: Guid(546f8f15799eb2a4b9f255bfe6745f4b) Importer(815301076,1909f56bfc062723c751e8b465ee728b)
Start importing Assets/Scenes/Request.cs using Guid(546f8f15799eb2a4b9f255bfe6745f4b) Importer(815301076,1909f56bfc062723c751e8b465ee728b)  -> (artifact id: '4958ec6f1c1595c27deedcb2ebb2a5c5') in 0.006055 seconds 
========================================================================
Received Import Request.
  Time since last request: 0.958954 seconds.
  path: Assets/Scenes/Request.cs
  artifactKey: Guid(546f8f15799eb2a4b9f255bfe6745f4b) Importer(2089858483,934ff659095e30574adcf32a4c2f97b5)
Start importing Assets/Scenes/Request.cs using Guid(546f8f15799eb2a4b9f255bfe6745f4b) Importer(2089858483,934ff659095e30574adcf32a4c2f97b5)  -> (artifact id: '7262b32b67428cf88a8a2f83e6712515') in 0.015819 seconds 
========================================================================
Received Import Request.
  Time since last request: 7.751994 seconds.
  path: Assets/Scenes/Player.cs
  artifactKey: Guid(beced89b5dc2914449109578e71cc1b4) Importer(815301076,1909f56bfc062723c751e8b465ee728b)
Start importing Assets/Scenes/Player.cs using Guid(beced89b5dc2914449109578e71cc1b4) Importer(815301076,1909f56bfc062723c751e8b465ee728b)  -> (artifact id: '6931019a765c9c3ab168761875485057') in 0.007154 seconds 
========================================================================
Received Import Request.
  Time since last request: 0.561929 seconds.
  path: Assets/Scenes/Player.cs
  artifactKey: Guid(beced89b5dc2914449109578e71cc1b4) Importer(2089858483,934ff659095e30574adcf32a4c2f97b5)
Start importing Assets/Scenes/Player.cs using Guid(beced89b5dc2914449109578e71cc1b4) Importer(2089858483,934ff659095e30574adcf32a4c2f97b5)  -> (artifact id: '58a308e4702571beadcf400680a37fd9') in 0.010141 seconds 
========================================================================
Received Prepare
Registering precompiled user dll's ...
Registered in 0.002884 seconds.
Begin MonoManager ReloadAssembly
Native extension for WindowsStandalone target not found
Refreshing native plugins compatible for Editor in 0.46 ms, found 1 plugins.
Preloading 0 native plugins for Editor in 0.00 ms.
Mono: successfully reloaded assembly
- Completed reload, in  0.841 seconds
Platform modules already initialized, skipping
Refreshing native plugins compatible for Editor in 0.44 ms, found 1 plugins.
Preloading 0 native plugins for Editor in 0.00 ms.
Unloading 2663 Unused Serialized files (Serialized files now loaded: 0)
System memory in use before: 98.1 MB.
System memory in use after: 98.3 MB.

Unloading 10 unused Assets to reduce memory usage. Loaded Objects now: 3126.
Total: 2.273500 ms (FindLiveObjects: 0.295400 ms CreateObjectMapping: 0.171200 ms MarkObjects: 1.753400 ms  DeleteObjects: 0.052100 ms)

========================================================================
Received Import Request.
  Time since last request: 323.085052 seconds.
  path: Assets/Scenes/Player.cs
  artifactKey: Guid(beced89b5dc2914449109578e71cc1b4) Importer(815301076,1909f56bfc062723c751e8b465ee728b)
Start importing Assets/Scenes/Player.cs using Guid(beced89b5dc2914449109578e71cc1b4) Importer(815301076,1909f56bfc062723c751e8b465ee728b)  -> (artifact id: '7d05707c3487a03c9faea210b5435e76') in 0.004898 seconds 
========================================================================
Received Prepare
Registering precompiled user dll's ...
Registered in 0.002877 seconds.
Begin MonoManager ReloadAssembly
Native extension for WindowsStandalone target not found
Refreshing native plugins compatible for Editor in 0.44 ms, found 1 plugins.
Preloading 0 native plugins for Editor in 0.00 ms.
Mono: successfully reloaded assembly
- Completed reload, in  0.835 seconds
Platform modules already initialized, skipping
Refreshing native plugins compatible for Editor in 0.44 ms, found 1 plugins.
Preloading 0 native plugins for Editor in 0.00 ms.
Unloading 2663 Unused Serialized files (Serialized files now loaded: 0)
System memory in use before: 98.1 MB.
System memory in use after: 98.3 MB.

Unloading 10 unused Assets to reduce memory usage. Loaded Objects now: 3129.
Total: 1.882400 ms (FindLiveObjects: 0.191500 ms CreateObjectMapping: 0.122000 ms MarkObjects: 1.524800 ms  DeleteObjects: 0.043100 ms)

========================================================================
Received Import Request.
  Time since last request: 30.574116 seconds.
  path: Assets/Scenes/Player.cs
  artifactKey: Guid(beced89b5dc2914449109578e71cc1b4) Importer(815301076,1909f56bfc062723c751e8b465ee728b)
Start importing Assets/Scenes/Player.cs using Guid(beced89b5dc2914449109578e71cc1b4) Importer(815301076,1909f56bfc062723c751e8b465ee728b)  -> (artifact id: '6d6d2b8b45d08590fe045b513e661920') in 0.009009 seconds 
========================================================================
Received Prepare
Registering precompiled user dll's ...
Registered in 0.002844 seconds.
Begin MonoManager ReloadAssembly
Native extension for WindowsStandalone target not found
Refreshing native plugins compatible for Editor in 0.44 ms, found 1 plugins.
Preloading 0 native plugins for Editor in 0.00 ms.
Mono: successfully reloaded assembly
- Completed reload, in  0.827 seconds
Platform modules already initialized, skipping
Refreshing native plugins compatible for Editor in 0.45 ms, found 1 plugins.
Preloading 0 native plugins for Editor in 0.00 ms.
Unloading 2663 Unused Serialized files (Serialized files now loaded: 0)
System memory in use before: 98.2 MB.
System memory in use after: 98.4 MB.

Unloading 10 unused Assets to reduce memory usage. Loaded Objects now: 3132.
Total: 1.997400 ms (FindLiveObjects: 0.207600 ms CreateObjectMapping: 0.134500 ms MarkObjects: 1.611000 ms  DeleteObjects: 0.043300 ms)

========================================================================
Received Prepare
Registering precompiled user dll's ...
Registered in 0.003055 seconds.
Begin MonoManager ReloadAssembly
Native extension for WindowsStandalone target not found
Refreshing native plugins compatible for Editor in 0.44 ms, found 1 plugins.
Preloading 0 native plugins for Editor in 0.00 ms.
Mono: successfully reloaded assembly
- Completed reload, in  0.841 seconds
Platform modules already initialized, skipping
Refreshing native plugins compatible for Editor in 0.45 ms, found 1 plugins.
Preloading 0 native plugins for Editor in 0.00 ms.
Unloading 2663 Unused Serialized files (Serialized files now loaded: 0)
System memory in use before: 98.2 MB.
System memory in use after: 98.4 MB.

Unloading 10 unused Assets to reduce memory usage. Loaded Objects now: 3135.
Total: 1.946600 ms (FindLiveObjects: 0.194700 ms CreateObjectMapping: 0.134300 ms MarkObjects: 1.577600 ms  DeleteObjects: 0.039200 ms)

========================================================================
Received Prepare
Registering precompiled user dll's ...
Registered in 0.002728 seconds.
Begin MonoManager ReloadAssembly
Native extension for WindowsStandalone target not found
Refreshing native plugins compatible for Editor in 0.45 ms, found 1 plugins.
Preloading 0 native plugins for Editor in 0.00 ms.
Mono: successfully reloaded assembly
- Completed reload, in  0.822 seconds
Platform modules already initialized, skipping
Refreshing native plugins compatible for Editor in 0.44 ms, found 1 plugins.
Preloading 0 native plugins for Editor in 0.00 ms.
Unloading 2663 Unused Serialized files (Serialized files now loaded: 0)
System memory in use before: 98.2 MB.
System memory in use after: 98.4 MB.

Unloading 10 unused Assets to reduce memory usage. Loaded Objects now: 3138.
Total: 1.928900 ms (FindLiveObjects: 0.199200 ms CreateObjectMapping: 0.128400 ms MarkObjects: 1.560600 ms  DeleteObjects: 0.040100 ms)

========================================================================
Received Prepare
Registering precompiled user dll's ...
Registered in 0.003201 seconds.
Begin MonoManager ReloadAssembly
Native extension for WindowsStandalone target not found
Refreshing native plugins compatible for Editor in 0.46 ms, found 1 plugins.
Preloading 0 native plugins for Editor in 0.00 ms.
Mono: successfully reloaded assembly
- Completed reload, in  0.865 seconds
Platform modules already initialized, skipping
Refreshing native plugins compatible for Editor in 0.48 ms, found 1 plugins.
Preloading 0 native plugins for Editor in 0.00 ms.
Unloading 2663 Unused Serialized files (Serialized files now loaded: 0)
System memory in use before: 98.2 MB.
System memory in use after: 98.4 MB.

Unloading 10 unused Assets to reduce memory usage. Loaded Objects now: 3141.
Total: 1.896900 ms (FindLiveObjects: 0.181900 ms CreateObjectMapping: 0.103100 ms MarkObjects: 1.532000 ms  DeleteObjects: 0.079200 ms)

========================================================================
Received Prepare
Registering precompiled user dll's ...
Registered in 0.002912 seconds.
Begin MonoManager ReloadAssembly
Native extension for WindowsStandalone target not found
Refreshing native plugins compatible for Editor in 0.45 ms, found 1 plugins.
Preloading 0 native plugins for Editor in 0.00 ms.
Mono: successfully reloaded assembly
- Completed reload, in  0.866 seconds
Platform modules already initialized, skipping
Refreshing native plugins compatible for Editor in 0.44 ms, found 1 plugins.
Preloading 0 native plugins for Editor in 0.00 ms.
Unloading 2663 Unused Serialized files (Serialized files now loaded: 0)
System memory in use before: 98.2 MB.
System memory in use after: 98.4 MB.

Unloading 10 unused Assets to reduce memory usage. Loaded Objects now: 3144.
Total: 1.863500 ms (FindLiveObjects: 0.177700 ms CreateObjectMapping: 0.104900 ms MarkObjects: 1.541900 ms  DeleteObjects: 0.038100 ms)

========================================================================
Received Prepare
Registering precompiled user dll's ...
Registered in 0.002858 seconds.
Begin MonoManager ReloadAssembly
Native extension for WindowsStandalone target not found
Refreshing native plugins compatible for Editor in 0.52 ms, found 1 plugins.
Preloading 0 native plugins for Editor in 0.00 ms.
Mono: successfully reloaded assembly
- Completed reload, in  0.888 seconds
Platform modules already initialized, skipping
Refreshing native plugins compatible for Editor in 0.44 ms, found 1 plugins.
Preloading 0 native plugins for Editor in 0.00 ms.
Unloading 2663 Unused Serialized files (Serialized files now loaded: 0)
System memory in use before: 98.2 MB.
System memory in use after: 98.4 MB.

Unloading 10 unused Assets to reduce memory usage. Loaded Objects now: 3147.
Total: 1.767600 ms (FindLiveObjects: 0.182600 ms CreateObjectMapping: 0.103300 ms MarkObjects: 1.439000 ms  DeleteObjects: 0.042000 ms)

========================================================================
Received Prepare
Registering precompiled user dll's ...
Registered in 0.003027 seconds.
Begin MonoManager ReloadAssembly
Native extension for WindowsStandalone target not found
Refreshing native plugins compatible for Editor in 0.45 ms, found 1 plugins.
Preloading 0 native plugins for Editor in 0.00 ms.
Mono: successfully reloaded assembly
- Completed reload, in  0.809 seconds
Platform modules already initialized, skipping
Refreshing native plugins compatible for Editor in 0.44 ms, found 1 plugins.
Preloading 0 native plugins for Editor in 0.00 ms.
Unloading 2663 Unused Serialized files (Serialized files now loaded: 0)
System memory in use before: 98.2 MB.
System memory in use after: 98.4 MB.

Unloading 10 unused Assets to reduce memory usage. Loaded Objects now: 3150.
Total: 2.882800 ms (FindLiveObjects: 0.220700 ms CreateObjectMapping: 0.242500 ms MarkObjects: 2.333300 ms  DeleteObjects: 0.085100 ms)

========================================================================
Received Prepare
Registering precompiled user dll's ...
Registered in 0.002912 seconds.
Begin MonoManager ReloadAssembly
Native extension for WindowsStandalone target not found
Refreshing native plugins compatible for Editor in 0.46 ms, found 1 plugins.
Preloading 0 native plugins for Editor in 0.00 ms.
Mono: successfully reloaded assembly
- Completed reload, in  0.918 seconds
Platform modules already initialized, skipping
Refreshing native plugins compatible for Editor in 0.46 ms, found 1 plugins.
Preloading 0 native plugins for Editor in 0.00 ms.
Unloading 2664 Unused Serialized files (Serialized files now loaded: 0)
System memory in use before: 98.2 MB.
System memory in use after: 98.4 MB.

Unloading 10 unused Assets to reduce memory usage. Loaded Objects now: 3154.
Total: 1.830800 ms (FindLiveObjects: 0.200800 ms CreateObjectMapping: 0.124900 ms MarkObjects: 1.461200 ms  DeleteObjects: 0.042800 ms)

========================================================================
Received Import Request.
  Time since last request: 333.832627 seconds.
  path: Assets/Scenes/Users.cs
  artifactKey: Guid(c25007d756e4d5848a113b4c11cec6fc) Importer(815301076,1909f56bfc062723c751e8b465ee728b)
Start importing Assets/Scenes/Users.cs using Guid(c25007d756e4d5848a113b4c11cec6fc) Importer(815301076,1909f56bfc062723c751e8b465ee728b)  -> (artifact id: '606616fc27bc7a186f587b96b8c5d825') in 0.008111 seconds 
========================================================================
Received Prepare
Registering precompiled user dll's ...
Registered in 0.002798 seconds.
Begin MonoManager ReloadAssembly
Native extension for WindowsStandalone target not found
Refreshing native plugins compatible for Editor in 0.44 ms, found 1 plugins.
Preloading 0 native plugins for Editor in 0.00 ms.
Mono: successfully reloaded assembly
- Completed reload, in  0.888 seconds
Platform modules already initialized, skipping
Refreshing native plugins compatible for Editor in 0.44 ms, found 1 plugins.
Preloading 0 native plugins for Editor in 0.00 ms.
Unloading 2664 Unused Serialized files (Serialized files now loaded: 0)
System memory in use before: 98.2 MB.
System memory in use after: 98.4 MB.

Unloading 10 unused Assets to reduce memory usage. Loaded Objects now: 3157.
Total: 1.854600 ms (FindLiveObjects: 0.180100 ms CreateObjectMapping: 0.104500 ms MarkObjects: 1.529400 ms  DeleteObjects: 0.039800 ms)

========================================================================
Received Import Request.
  Time since last request: 35.231667 seconds.
  path: Assets/Scenes/Users.cs
  artifactKey: Guid(c25007d756e4d5848a113b4c11cec6fc) Importer(815301076,1909f56bfc062723c751e8b465ee728b)
Start importing Assets/Scenes/Users.cs using Guid(c25007d756e4d5848a113b4c11cec6fc) Importer(815301076,1909f56bfc062723c751e8b465ee728b)  -> (artifact id: '2c53cc19bb86db26ed8227758cdde2d6') in 0.007372 seconds 
========================================================================
Received Prepare
Registering precompiled user dll's ...
Registered in 0.003049 seconds.
Begin MonoManager ReloadAssembly
Native extension for WindowsStandalone target not found
Refreshing native plugins compatible for Editor in 0.42 ms, found 1 plugins.
Preloading 0 native plugins for Editor in 0.00 ms.
Mono: successfully reloaded assembly
- Completed reload, in  0.848 seconds
Platform modules already initialized, skipping
Refreshing native plugins compatible for Editor in 0.43 ms, found 1 plugins.
Preloading 0 native plugins for Editor in 0.00 ms.
Unloading 2664 Unused Serialized files (Serialized files now loaded: 0)
System memory in use before: 98.2 MB.
System memory in use after: 98.4 MB.

Unloading 10 unused Assets to reduce memory usage. Loaded Objects now: 3160.
Total: 1.963900 ms (FindLiveObjects: 0.191800 ms CreateObjectMapping: 0.119900 ms MarkObjects: 1.572600 ms  DeleteObjects: 0.078700 ms)

========================================================================
Received Import Request.
  Time since last request: 236.669233 seconds.
  path: Assets/Scenes/Users.cs
  artifactKey: Guid(c25007d756e4d5848a113b4c11cec6fc) Importer(815301076,1909f56bfc062723c751e8b465ee728b)
Start importing Assets/Scenes/Users.cs using Guid(c25007d756e4d5848a113b4c11cec6fc) Importer(815301076,1909f56bfc062723c751e8b465ee728b)  -> (artifact id: 'a00f6c84fe608ed08c38a3bf33b64121') in 0.007550 seconds 
========================================================================
Received Prepare
Registering precompiled user dll's ...
Registered in 0.002903 seconds.
Begin MonoManager ReloadAssembly
Native extension for WindowsStandalone target not found
Refreshing native plugins compatible for Editor in 0.44 ms, found 1 plugins.
Preloading 0 native plugins for Editor in 0.00 ms.
Mono: successfully reloaded assembly
- Completed reload, in  0.815 seconds
Platform modules already initialized, skipping
Refreshing native plugins compatible for Editor in 0.45 ms, found 1 plugins.
Preloading 0 native plugins for Editor in 0.00 ms.
Unloading 2664 Unused Serialized files (Serialized files now loaded: 0)
System memory in use before: 98.2 MB.
System memory in use after: 98.4 MB.

Unloading 10 unused Assets to reduce memory usage. Loaded Objects now: 3163.
Total: 1.857400 ms (FindLiveObjects: 0.202300 ms CreateObjectMapping: 0.127800 ms MarkObjects: 1.480100 ms  DeleteObjects: 0.046100 ms)

========================================================================
Received Import Request.
  Time since last request: 11.191524 seconds.
  path: Assets/Scenes/Skins.cs
  artifactKey: Guid(9c2ef6752c0cab445a422618cbbe0ad6) Importer(815301076,1909f56bfc062723c751e8b465ee728b)
Start importing Assets/Scenes/Skins.cs using Guid(9c2ef6752c0cab445a422618cbbe0ad6) Importer(815301076,1909f56bfc062723c751e8b465ee728b)  -> (artifact id: 'c1e0deedf6c99d2ed306618ea8101e18') in 0.008932 seconds 
========================================================================
Received Prepare
Registering precompiled user dll's ...
Registered in 0.002823 seconds.
Begin MonoManager ReloadAssembly
Native extension for WindowsStandalone target not found
Refreshing native plugins compatible for Editor in 0.45 ms, found 1 plugins.
Preloading 0 native plugins for Editor in 0.00 ms.
Mono: successfully reloaded assembly
- Completed reload, in  0.841 seconds
Platform modules already initialized, skipping
Refreshing native plugins compatible for Editor in 0.45 ms, found 1 plugins.
Preloading 0 native plugins for Editor in 0.00 ms.
Unloading 2665 Unused Serialized files (Serialized files now loaded: 0)
System memory in use before: 98.3 MB.
System memory in use after: 98.5 MB.

Unloading 10 unused Assets to reduce memory usage. Loaded Objects now: 3167.
Total: 1.895000 ms (FindLiveObjects: 0.191600 ms CreateObjectMapping: 0.108500 ms MarkObjects: 1.553300 ms  DeleteObjects: 0.040700 ms)

========================================================================
Received Import Request.
  Time since last request: 15.631153 seconds.
  path: Assets/Scenes/Skins.cs
  artifactKey: Guid(9c2ef6752c0cab445a422618cbbe0ad6) Importer(815301076,1909f56bfc062723c751e8b465ee728b)
Start importing Assets/Scenes/Skins.cs using Guid(9c2ef6752c0cab445a422618cbbe0ad6) Importer(815301076,1909f56bfc062723c751e8b465ee728b)  -> (artifact id: '12e8624f733edd447f4fa440d1d70575') in 0.005976 seconds 
========================================================================
Received Prepare
Registering precompiled user dll's ...
Registered in 0.002844 seconds.
Begin MonoManager ReloadAssembly
Native extension for WindowsStandalone target not found
Refreshing native plugins compatible for Editor in 0.44 ms, found 1 plugins.
Preloading 0 native plugins for Editor in 0.00 ms.
Mono: successfully reloaded assembly
- Completed reload, in  0.810 seconds
Platform modules already initialized, skipping
Refreshing native plugins compatible for Editor in 0.46 ms, found 1 plugins.
Preloading 0 native plugins for Editor in 0.00 ms.
Unloading 2665 Unused Serialized files (Serialized files now loaded: 0)
System memory in use before: 98.3 MB.
System memory in use after: 98.5 MB.

Unloading 10 unused Assets to reduce memory usage. Loaded Objects now: 3170.
Total: 2.345700 ms (FindLiveObjects: 0.225800 ms CreateObjectMapping: 0.195400 ms MarkObjects: 1.880000 ms  DeleteObjects: 0.043200 ms)

AssetImportWorkerClient::OnTransportError - code=2 error=End of file
